2025-08-13 22:38:05.071 - RealTimeSTT: realtimestt - INFO - Starting RealTimeSTT
2025-08-13 22:38:05.087 - RealTimeSTT: realtimestt - INFO - Initializing audio recording (creating pyAudio input stream, sample rate: 16000 buffer size: 512
2025-08-13 22:38:05.097 - RealTimeSTT: realtimestt - DEBUG - Starting audio data worker with target_sample_rate=16000, buffer_size=512, input_device_index=None
2025-08-13 22:38:05.097 - RealTimeSTT: realtimestt - DEBUG - Creating PyAudio interface...
2025-08-13 22:38:05.097 - RealTimeSTT: realtimestt - INFO - Initializing faster_whisper realtime transcription model tiny, default device: cpu, compute type: default, device index: 0, download root: None
2025-08-13 22:38:05.265 - RealTimeSTT: realtimestt - DEBUG - No device index supplied; using default device 12
2025-08-13 22:38:05.265 - RealTimeSTT: realtimestt - DEBUG - Retrieving highest sample rate for device index 12: {'index': 12, 'structVersion': 2, 'name': 'default', 'hostApi': 0, 'maxInputChannels': 32, 'maxOutputChannels': 32, 'defaultLowInputLatency': 0.008684807256235827, 'defaultLowOutputLatency': 0.008684807256235827, 'defaultHighInputLatency': 0.034807256235827665, 'defaultHighOutputLatency': 0.034807256235827665, 'defaultSampleRate': 44100.0}
2025-08-13 22:38:05.265 - RealTimeSTT: realtimestt - DEBUG - Highest supported sample rate for device index 12 is 44100
2025-08-13 22:38:05.265 - RealTimeSTT: realtimestt - DEBUG - Sample rates to try for device 12: [16000, 44100]
2025-08-13 22:38:05.265 - RealTimeSTT: realtimestt - DEBUG - Attempting to initialize audio stream at 16000 Hz.
2025-08-13 22:38:05.265 - RealTimeSTT: realtimestt - DEBUG - Found 13 total audio devices on the system.
2025-08-13 22:38:05.266 - RealTimeSTT: realtimestt - DEBUG - Available input devices with input channels: [0, 5, 7, 8, 9, 10, 11, 12]
2025-08-13 22:38:05.266 - RealTimeSTT: realtimestt - DEBUG - Validating device index 12 with info: {'index': 12, 'structVersion': 2, 'name': 'default', 'hostApi': 0, 'maxInputChannels': 32, 'maxOutputChannels': 32, 'defaultLowInputLatency': 0.008684807256235827, 'defaultLowOutputLatency': 0.008684807256235827, 'defaultHighInputLatency': 0.034807256235827665, 'defaultHighOutputLatency': 0.034807256235827665, 'defaultSampleRate': 44100.0}
2025-08-13 22:38:05.354 - RealTimeSTT: realtimestt - DEBUG - Device index 12 successfully validated.
2025-08-13 22:38:05.354 - RealTimeSTT: realtimestt - DEBUG - Opening stream with device index 12, sample_rate=16000, chunk_size=1024
2025-08-13 22:38:05.360 - RealTimeSTT: realtimestt - INFO - Microphone connected and validated (device index: 12, sample rate: 16000, chunk size: 1024)
2025-08-13 22:38:05.360 - RealTimeSTT: realtimestt - DEBUG - Audio recording initialized successfully at 16000 Hz, reading 1024 frames at a time
2025-08-13 22:38:06.524 - RealTimeSTT: realtimestt - DEBUG - _audio_data_worker writing audio data into queue.
2025-08-13 22:38:07.541 - RealTimeSTT: realtimestt - DEBUG - _audio_data_worker writing audio data into queue.
2025-08-13 22:38:08.402 - RealTimeSTT: realtimestt - DEBUG - Faster_whisper realtime speech to text transcription model initialized successfully
2025-08-13 22:38:08.403 - RealTimeSTT: realtimestt - INFO - Initializing WebRTC voice with Sensitivity 3
2025-08-13 22:38:08.403 - RealTimeSTT: realtimestt - DEBUG - WebRTC VAD voice activity detection engine initialized successfully
2025-08-13 22:38:08.632 - RealTimeSTT: realtimestt - DEBUG - _audio_data_worker writing audio data into queue.
2025-08-13 22:38:09.671 - RealTimeSTT: realtimestt - DEBUG - _audio_data_worker writing audio data into queue.
2025-08-13 22:38:09.687 - RealTimeSTT: realtimestt - DEBUG - Silero VAD voice activity detection engine initialized successfully
2025-08-13 22:38:09.691 - RealTimeSTT: realtimestt - WARNING - Audio queue size exceeds latency limit. Current size: 131. Discarding old audio chunks.
2025-08-13 22:38:09.697 - RealTimeSTT: realtimestt - DEBUG - Starting realtime worker
2025-08-13 22:38:09.697 - RealTimeSTT: realtimestt - DEBUG - Waiting for main transcription model to start
2025-08-13 22:38:09.718 - RealTimeSTT: realtimestt - DEBUG - Main transcription model ready
2025-08-13 22:38:09.725 - RealTimeSTT: realtimestt - DEBUG - RealtimeSTT initialization completed successfully
2025-08-13 22:38:09.736 - RealTimeSTT: realtimestt - INFO - Setting listen time
2025-08-13 22:38:09.737 - RealTimeSTT: realtimestt - INFO - State changed from 'inactive' to 'listening'
2025-08-13 22:38:09.737 - RealTimeSTT: realtimestt - DEBUG - Waiting for recording start
2025-08-13 22:38:10.725 - RealTimeSTT: realtimestt - DEBUG - _audio_data_worker writing audio data into queue.
2025-08-13 22:38:11.815 - RealTimeSTT: realtimestt - DEBUG - _audio_data_worker writing audio data into queue.
2025-08-13 22:38:12.906 - RealTimeSTT: realtimestt - DEBUG - _audio_data_worker writing audio data into queue.
2025-08-13 22:38:13.908 - RealTimeSTT: realtimestt - DEBUG - _audio_data_worker writing audio data into queue.
2025-08-13 22:38:15.001 - RealTimeSTT: realtimestt - DEBUG - _audio_data_worker writing audio data into queue.
2025-08-13 22:38:15.995 - RealTimeSTT: realtimestt - INFO - voice activity detected
2025-08-13 22:38:15.996 - RealTimeSTT: realtimestt - INFO - recording started
2025-08-13 22:38:15.996 - RealTimeSTT: realtimestt - INFO - State changed from 'listening' to 'recording'
2025-08-13 22:38:15.996 - RealTimeSTT: realtimestt - DEBUG - Waiting for recording stop
2025-08-13 22:38:16.004 - RealTimeSTT: realtimestt - DEBUG - Current realtime buffer size: 17920
2025-08-13 22:38:16.104 - RealTimeSTT: realtimestt - DEBUG - _audio_data_worker writing audio data into queue.
2025-08-13 22:38:16.941 - RealTimeSTT: realtimestt - DEBUG - Realtime text detected:  Hello, what are you doing?
2025-08-13 22:38:16.941 - RealTimeSTT: realtimestt - ERROR - Unhandled exeption in _realtime_worker: postEvent(receiver: Optional[QObject], event: Optional[QEvent], priority: int = Qt.EventPriority.NormalEventPriority): argument 2 has unexpected type 'function'
Traceback (most recent call last):
  File "/home/ntlpt59/main/lib/python3.11/site-packages/RealtimeSTT/audio_recorder.py", line 2493, in _realtime_worker
    self._run_callback(self._on_realtime_transcription_update, self._preprocess_output(self.realtime_transcription_text,True))
  File "/home/ntlpt59/main/lib/python3.11/site-packages/RealtimeSTT/audio_recorder.py", line 1029, in _run_callback
    cb(*args, **kwargs)
  File "/home/ntlpt59/main/lib/python3.11/site-packages/RealtimeSTT/audio_recorder.py", line 2812, in _on_realtime_transcription_update
    self._run_callback(self.on_realtime_transcription_update, text)
  File "/home/ntlpt59/main/lib/python3.11/site-packages/RealtimeSTT/audio_recorder.py", line 1029, in _run_callback
    cb(*args, **kwargs)
  File "/home/ntlpt59/master/own/spotlightai/spotlightai.py", line 204, in on_realtime_update
    QApplication.instance().postEvent(self, lambda: self.transcription_display.setText(text))
TypeError: postEvent(receiver: Optional[QObject], event: Optional[QEvent], priority: int = Qt.EventPriority.NormalEventPriority): argument 2 has unexpected type 'function'
2025-08-13 22:38:17.176 - RealTimeSTT: realtimestt - DEBUG - _audio_data_worker writing audio data into queue.
2025-08-13 22:38:17.176 - RealTimeSTT: realtimestt - INFO - recording stopped
2025-08-13 22:38:17.177 - RealTimeSTT: realtimestt - DEBUG - Finishing recording thread
2025-08-13 22:38:17.177 - RealTimeSTT: realtimestt - DEBUG - No samples removed, final audio length: 35840
2025-08-13 22:38:17.177 - RealTimeSTT: realtimestt - INFO - State changed from 'recording' to 'inactive'
2025-08-13 22:38:17.262 - RealTimeSTT: realtimestt - DEBUG - Receive from stdout pipe
2025-08-13 22:38:17.262 - RealTimeSTT: realtimestt - INFO - None
2025-08-13 22:38:49.831 - RealTimeSTT: realtimestt - INFO - Starting RealTimeSTT
2025-08-13 22:38:49.836 - RealTimeSTT: realtimestt - INFO - Initializing audio recording (creating pyAudio input stream, sample rate: 16000 buffer size: 512
2025-08-13 22:38:49.838 - RealTimeSTT: realtimestt - DEBUG - Starting audio data worker with target_sample_rate=16000, buffer_size=512, input_device_index=None
2025-08-13 22:38:49.839 - RealTimeSTT: realtimestt - DEBUG - Creating PyAudio interface...
2025-08-13 22:38:49.839 - RealTimeSTT: realtimestt - INFO - Initializing faster_whisper realtime transcription model tiny, default device: cpu, compute type: default, device index: 0, download root: None
2025-08-13 22:38:49.882 - RealTimeSTT: realtimestt - DEBUG - No device index supplied; using default device 12
2025-08-13 22:38:49.882 - RealTimeSTT: realtimestt - DEBUG - Retrieving highest sample rate for device index 12: {'index': 12, 'structVersion': 2, 'name': 'default', 'hostApi': 0, 'maxInputChannels': 32, 'maxOutputChannels': 32, 'defaultLowInputLatency': 0.008684807256235827, 'defaultLowOutputLatency': 0.008684807256235827, 'defaultHighInputLatency': 0.034807256235827665, 'defaultHighOutputLatency': 0.034807256235827665, 'defaultSampleRate': 44100.0}
2025-08-13 22:38:49.882 - RealTimeSTT: realtimestt - DEBUG - Highest supported sample rate for device index 12 is 44100
2025-08-13 22:38:49.882 - RealTimeSTT: realtimestt - DEBUG - Sample rates to try for device 12: [16000, 44100]
2025-08-13 22:38:49.882 - RealTimeSTT: realtimestt - DEBUG - Attempting to initialize audio stream at 16000 Hz.
2025-08-13 22:38:49.882 - RealTimeSTT: realtimestt - DEBUG - Found 13 total audio devices on the system.
2025-08-13 22:38:49.882 - RealTimeSTT: realtimestt - DEBUG - Available input devices with input channels: [0, 5, 7, 8, 9, 10, 11, 12]
2025-08-13 22:38:49.882 - RealTimeSTT: realtimestt - DEBUG - Validating device index 12 with info: {'index': 12, 'structVersion': 2, 'name': 'default', 'hostApi': 0, 'maxInputChannels': 32, 'maxOutputChannels': 32, 'defaultLowInputLatency': 0.008684807256235827, 'defaultLowOutputLatency': 0.008684807256235827, 'defaultHighInputLatency': 0.034807256235827665, 'defaultHighOutputLatency': 0.034807256235827665, 'defaultSampleRate': 44100.0}
2025-08-13 22:38:49.960 - RealTimeSTT: realtimestt - DEBUG - Device index 12 successfully validated.
2025-08-13 22:38:49.960 - RealTimeSTT: realtimestt - DEBUG - Opening stream with device index 12, sample_rate=16000, chunk_size=1024
2025-08-13 22:38:49.961 - RealTimeSTT: realtimestt - INFO - Microphone connected and validated (device index: 12, sample rate: 16000, chunk size: 1024)
2025-08-13 22:38:49.962 - RealTimeSTT: realtimestt - DEBUG - Audio recording initialized successfully at 16000 Hz, reading 1024 frames at a time
2025-08-13 22:38:51.046 - RealTimeSTT: realtimestt - DEBUG - _audio_data_worker writing audio data into queue.
2025-08-13 22:38:51.105 - RealTimeSTT: realtimestt - DEBUG - Faster_whisper realtime speech to text transcription model initialized successfully
2025-08-13 22:38:51.105 - RealTimeSTT: realtimestt - INFO - Initializing WebRTC voice with Sensitivity 3
2025-08-13 22:38:51.105 - RealTimeSTT: realtimestt - DEBUG - WebRTC VAD voice activity detection engine initialized successfully
2025-08-13 22:38:51.493 - RealTimeSTT: realtimestt - DEBUG - Silero VAD voice activity detection engine initialized successfully
2025-08-13 22:38:51.494 - RealTimeSTT: realtimestt - DEBUG - Starting realtime worker
2025-08-13 22:38:51.494 - RealTimeSTT: realtimestt - DEBUG - Waiting for main transcription model to start
2025-08-13 22:38:51.494 - RealTimeSTT: realtimestt - DEBUG - Main transcription model ready
2025-08-13 22:38:51.495 - RealTimeSTT: realtimestt - DEBUG - RealtimeSTT initialization completed successfully
2025-08-13 22:38:51.495 - RealTimeSTT: realtimestt - INFO - Setting listen time
2025-08-13 22:38:51.495 - RealTimeSTT: realtimestt - INFO - State changed from 'inactive' to 'listening'
2025-08-13 22:38:51.495 - RealTimeSTT: realtimestt - DEBUG - Waiting for recording start
2025-08-13 22:38:52.048 - RealTimeSTT: realtimestt - DEBUG - _audio_data_worker writing audio data into queue.
2025-08-13 22:38:52.956 - RealTimeSTT: realtimestt - INFO - voice activity detected
2025-08-13 22:38:52.956 - RealTimeSTT: realtimestt - INFO - recording started
2025-08-13 22:38:52.956 - RealTimeSTT: realtimestt - INFO - State changed from 'listening' to 'recording'
2025-08-13 22:38:52.957 - RealTimeSTT: realtimestt - DEBUG - Waiting for recording stop
2025-08-13 22:38:52.961 - RealTimeSTT: realtimestt - DEBUG - Current realtime buffer size: 16896
2025-08-13 22:38:53.050 - RealTimeSTT: realtimestt - DEBUG - _audio_data_worker writing audio data into queue.
2025-08-13 22:38:53.635 - RealTimeSTT: realtimestt - DEBUG - Realtime text detected:  level sample.
2025-08-13 22:38:54.049 - RealTimeSTT: realtimestt - DEBUG - Current realtime buffer size: 34304
2025-08-13 22:38:54.143 - RealTimeSTT: realtimestt - DEBUG - _audio_data_worker writing audio data into queue.
2025-08-13 22:38:54.724 - RealTimeSTT: realtimestt - DEBUG - Realtime text detected:  Hello sample testing.
2025-08-13 22:38:54.958 - RealTimeSTT: realtimestt - INFO - recording stopped
2025-08-13 22:38:54.959 - RealTimeSTT: realtimestt - DEBUG - Finishing recording thread
2025-08-13 22:38:54.960 - RealTimeSTT: realtimestt - DEBUG - No samples removed, final audio length: 48128
2025-08-13 22:38:54.960 - RealTimeSTT: realtimestt - INFO - State changed from 'recording' to 'inactive'
2025-08-13 22:39:34.199 - RealTimeSTT: realtimestt - INFO - Starting RealTimeSTT
2025-08-13 22:39:34.207 - RealTimeSTT: realtimestt - INFO - Initializing audio recording (creating pyAudio input stream, sample rate: 16000 buffer size: 512
2025-08-13 22:39:34.208 - RealTimeSTT: realtimestt - DEBUG - Starting audio data worker with target_sample_rate=16000, buffer_size=512, input_device_index=None
2025-08-13 22:39:34.208 - RealTimeSTT: realtimestt - DEBUG - Creating PyAudio interface...
2025-08-13 22:39:34.209 - RealTimeSTT: realtimestt - INFO - Initializing faster_whisper realtime transcription model tiny, default device: cpu, compute type: default, device index: 0, download root: None
2025-08-13 22:39:34.265 - RealTimeSTT: realtimestt - DEBUG - No device index supplied; using default device 12
2025-08-13 22:39:34.265 - RealTimeSTT: realtimestt - DEBUG - Retrieving highest sample rate for device index 12: {'index': 12, 'structVersion': 2, 'name': 'default', 'hostApi': 0, 'maxInputChannels': 32, 'maxOutputChannels': 32, 'defaultLowInputLatency': 0.008684807256235827, 'defaultLowOutputLatency': 0.008684807256235827, 'defaultHighInputLatency': 0.034807256235827665, 'defaultHighOutputLatency': 0.034807256235827665, 'defaultSampleRate': 44100.0}
2025-08-13 22:39:34.265 - RealTimeSTT: realtimestt - DEBUG - Highest supported sample rate for device index 12 is 44100
2025-08-13 22:39:34.265 - RealTimeSTT: realtimestt - DEBUG - Sample rates to try for device 12: [16000, 44100]
2025-08-13 22:39:34.265 - RealTimeSTT: realtimestt - DEBUG - Attempting to initialize audio stream at 16000 Hz.
2025-08-13 22:39:34.265 - RealTimeSTT: realtimestt - DEBUG - Found 13 total audio devices on the system.
2025-08-13 22:39:34.266 - RealTimeSTT: realtimestt - DEBUG - Available input devices with input channels: [0, 5, 7, 8, 9, 10, 11, 12]
2025-08-13 22:39:34.266 - RealTimeSTT: realtimestt - DEBUG - Validating device index 12 with info: {'index': 12, 'structVersion': 2, 'name': 'default', 'hostApi': 0, 'maxInputChannels': 32, 'maxOutputChannels': 32, 'defaultLowInputLatency': 0.008684807256235827, 'defaultLowOutputLatency': 0.008684807256235827, 'defaultHighInputLatency': 0.034807256235827665, 'defaultHighOutputLatency': 0.034807256235827665, 'defaultSampleRate': 44100.0}
2025-08-13 22:39:34.344 - RealTimeSTT: realtimestt - DEBUG - Device index 12 successfully validated.
2025-08-13 22:39:34.345 - RealTimeSTT: realtimestt - DEBUG - Opening stream with device index 12, sample_rate=16000, chunk_size=1024
2025-08-13 22:39:34.348 - RealTimeSTT: realtimestt - INFO - Microphone connected and validated (device index: 12, sample rate: 16000, chunk size: 1024)
2025-08-13 22:39:34.348 - RealTimeSTT: realtimestt - DEBUG - Audio recording initialized successfully at 16000 Hz, reading 1024 frames at a time
2025-08-13 22:39:35.477 - RealTimeSTT: realtimestt - DEBUG - _audio_data_worker writing audio data into queue.
2025-08-13 22:39:35.734 - RealTimeSTT: realtimestt - DEBUG - Faster_whisper realtime speech to text transcription model initialized successfully
2025-08-13 22:39:35.734 - RealTimeSTT: realtimestt - INFO - Initializing WebRTC voice with Sensitivity 3
2025-08-13 22:39:35.735 - RealTimeSTT: realtimestt - DEBUG - WebRTC VAD voice activity detection engine initialized successfully
2025-08-13 22:39:36.327 - RealTimeSTT: realtimestt - DEBUG - Silero VAD voice activity detection engine initialized successfully
2025-08-13 22:39:36.328 - RealTimeSTT: realtimestt - DEBUG - Starting realtime worker
2025-08-13 22:39:36.328 - RealTimeSTT: realtimestt - DEBUG - Waiting for main transcription model to start
2025-08-13 22:39:36.328 - RealTimeSTT: realtimestt - DEBUG - Main transcription model ready
2025-08-13 22:39:36.328 - RealTimeSTT: realtimestt - DEBUG - RealtimeSTT initialization completed successfully
2025-08-13 22:39:36.328 - RealTimeSTT: realtimestt - INFO - Setting listen time
2025-08-13 22:39:36.329 - RealTimeSTT: realtimestt - INFO - State changed from 'inactive' to 'listening'
2025-08-13 22:39:36.329 - RealTimeSTT: realtimestt - DEBUG - Waiting for recording start
2025-08-13 22:39:36.567 - RealTimeSTT: realtimestt - DEBUG - _audio_data_worker writing audio data into queue.
2025-08-13 22:39:37.572 - RealTimeSTT: realtimestt - DEBUG - _audio_data_worker writing audio data into queue.
2025-08-13 22:39:37.847 - RealTimeSTT: realtimestt - INFO - voice activity detected
2025-08-13 22:39:37.847 - RealTimeSTT: realtimestt - INFO - recording started
2025-08-13 22:39:37.847 - RealTimeSTT: realtimestt - INFO - State changed from 'listening' to 'recording'
2025-08-13 22:39:37.847 - RealTimeSTT: realtimestt - DEBUG - Waiting for recording stop
2025-08-13 22:39:37.859 - RealTimeSTT: realtimestt - DEBUG - Current realtime buffer size: 16896
2025-08-13 22:39:38.402 - RealTimeSTT: realtimestt - DEBUG - Realtime text detected:  you.
2025-08-13 22:39:38.572 - RealTimeSTT: realtimestt - DEBUG - _audio_data_worker writing audio data into queue.
2025-08-13 22:39:38.755 - RealTimeSTT: realtimestt - DEBUG - Current realtime buffer size: 31232
2025-08-13 22:39:39.378 - RealTimeSTT: realtimestt - DEBUG - Realtime text detected:  is this real time?
2025-08-13 22:39:39.481 - RealTimeSTT: realtimestt - INFO - recording stopped
2025-08-13 22:39:39.483 - RealTimeSTT: realtimestt - DEBUG - Finishing recording thread
2025-08-13 22:39:39.484 - RealTimeSTT: realtimestt - DEBUG - No samples removed, final audio length: 41984
2025-08-13 22:39:39.484 - RealTimeSTT: realtimestt - INFO - State changed from 'recording' to 'inactive'
2025-08-13 22:39:39.574 - RealTimeSTT: realtimestt - DEBUG - _audio_data_worker writing audio data into queue.
2025-08-13 22:39:47.321 - RealTimeSTT: realtimestt - INFO - Starting RealTimeSTT
2025-08-13 22:39:47.321 - RealTimeSTT: realtimestt - INFO - Starting RealTimeSTT
2025-08-13 22:39:47.324 - RealTimeSTT: realtimestt - INFO - Initializing audio recording (creating pyAudio input stream, sample rate: 16000 buffer size: 512
2025-08-13 22:39:47.324 - RealTimeSTT: realtimestt - INFO - Initializing audio recording (creating pyAudio input stream, sample rate: 16000 buffer size: 512
2025-08-13 22:39:47.324 - RealTimeSTT: realtimestt - DEBUG - Starting audio data worker with target_sample_rate=16000, buffer_size=512, input_device_index=None
2025-08-13 22:39:47.324 - RealTimeSTT: realtimestt - DEBUG - Starting audio data worker with target_sample_rate=16000, buffer_size=512, input_device_index=None
2025-08-13 22:39:47.325 - RealTimeSTT: realtimestt - DEBUG - Creating PyAudio interface...
2025-08-13 22:39:47.325 - RealTimeSTT: realtimestt - DEBUG - Creating PyAudio interface...
2025-08-13 22:39:47.325 - RealTimeSTT: realtimestt - INFO - Initializing faster_whisper realtime transcription model tiny, default device: cpu, compute type: default, device index: 0, download root: None
2025-08-13 22:39:47.325 - RealTimeSTT: realtimestt - INFO - Initializing faster_whisper realtime transcription model tiny, default device: cpu, compute type: default, device index: 0, download root: None
2025-08-13 22:39:47.356 - RealTimeSTT: realtimestt - DEBUG - No device index supplied; using default device 12
2025-08-13 22:39:47.356 - RealTimeSTT: realtimestt - DEBUG - No device index supplied; using default device 12
2025-08-13 22:39:47.356 - RealTimeSTT: realtimestt - DEBUG - Retrieving highest sample rate for device index 12: {'index': 12, 'structVersion': 2, 'name': 'default', 'hostApi': 0, 'maxInputChannels': 32, 'maxOutputChannels': 32, 'defaultLowInputLatency': 0.008684807256235827, 'defaultLowOutputLatency': 0.008684807256235827, 'defaultHighInputLatency': 0.034807256235827665, 'defaultHighOutputLatency': 0.034807256235827665, 'defaultSampleRate': 44100.0}
2025-08-13 22:39:47.356 - RealTimeSTT: realtimestt - DEBUG - Retrieving highest sample rate for device index 12: {'index': 12, 'structVersion': 2, 'name': 'default', 'hostApi': 0, 'maxInputChannels': 32, 'maxOutputChannels': 32, 'defaultLowInputLatency': 0.008684807256235827, 'defaultLowOutputLatency': 0.008684807256235827, 'defaultHighInputLatency': 0.034807256235827665, 'defaultHighOutputLatency': 0.034807256235827665, 'defaultSampleRate': 44100.0}
2025-08-13 22:39:47.356 - RealTimeSTT: realtimestt - DEBUG - Highest supported sample rate for device index 12 is 44100
2025-08-13 22:39:47.356 - RealTimeSTT: realtimestt - DEBUG - Highest supported sample rate for device index 12 is 44100
2025-08-13 22:39:47.356 - RealTimeSTT: realtimestt - DEBUG - Sample rates to try for device 12: [16000, 44100]
2025-08-13 22:39:47.356 - RealTimeSTT: realtimestt - DEBUG - Sample rates to try for device 12: [16000, 44100]
2025-08-13 22:39:47.356 - RealTimeSTT: realtimestt - DEBUG - Attempting to initialize audio stream at 16000 Hz.
2025-08-13 22:39:47.356 - RealTimeSTT: realtimestt - DEBUG - Attempting to initialize audio stream at 16000 Hz.
2025-08-13 22:39:47.356 - RealTimeSTT: realtimestt - DEBUG - Found 13 total audio devices on the system.
2025-08-13 22:39:47.356 - RealTimeSTT: realtimestt - DEBUG - Found 13 total audio devices on the system.
2025-08-13 22:39:47.356 - RealTimeSTT: realtimestt - DEBUG - Available input devices with input channels: [0, 5, 7, 8, 9, 10, 11, 12]
2025-08-13 22:39:47.356 - RealTimeSTT: realtimestt - DEBUG - Available input devices with input channels: [0, 5, 7, 8, 9, 10, 11, 12]
2025-08-13 22:39:47.356 - RealTimeSTT: realtimestt - DEBUG - Validating device index 12 with info: {'index': 12, 'structVersion': 2, 'name': 'default', 'hostApi': 0, 'maxInputChannels': 32, 'maxOutputChannels': 32, 'defaultLowInputLatency': 0.008684807256235827, 'defaultLowOutputLatency': 0.008684807256235827, 'defaultHighInputLatency': 0.034807256235827665, 'defaultHighOutputLatency': 0.034807256235827665, 'defaultSampleRate': 44100.0}
2025-08-13 22:39:47.356 - RealTimeSTT: realtimestt - DEBUG - Validating device index 12 with info: {'index': 12, 'structVersion': 2, 'name': 'default', 'hostApi': 0, 'maxInputChannels': 32, 'maxOutputChannels': 32, 'defaultLowInputLatency': 0.008684807256235827, 'defaultLowOutputLatency': 0.008684807256235827, 'defaultHighInputLatency': 0.034807256235827665, 'defaultHighOutputLatency': 0.034807256235827665, 'defaultSampleRate': 44100.0}
2025-08-13 22:39:47.436 - RealTimeSTT: realtimestt - DEBUG - Device index 12 successfully validated.
2025-08-13 22:39:47.436 - RealTimeSTT: realtimestt - DEBUG - Device index 12 successfully validated.
2025-08-13 22:39:47.436 - RealTimeSTT: realtimestt - DEBUG - Opening stream with device index 12, sample_rate=16000, chunk_size=1024
2025-08-13 22:39:47.436 - RealTimeSTT: realtimestt - DEBUG - Opening stream with device index 12, sample_rate=16000, chunk_size=1024
2025-08-13 22:39:47.439 - RealTimeSTT: realtimestt - INFO - Microphone connected and validated (device index: 12, sample rate: 16000, chunk size: 1024)
2025-08-13 22:39:47.439 - RealTimeSTT: realtimestt - INFO - Microphone connected and validated (device index: 12, sample rate: 16000, chunk size: 1024)
2025-08-13 22:39:47.439 - RealTimeSTT: realtimestt - DEBUG - Audio recording initialized successfully at 16000 Hz, reading 1024 frames at a time
2025-08-13 22:39:47.439 - RealTimeSTT: realtimestt - DEBUG - Audio recording initialized successfully at 16000 Hz, reading 1024 frames at a time
2025-08-13 22:39:48.441 - RealTimeSTT: realtimestt - DEBUG - Faster_whisper realtime speech to text transcription model initialized successfully
2025-08-13 22:39:48.441 - RealTimeSTT: realtimestt - DEBUG - Faster_whisper realtime speech to text transcription model initialized successfully
2025-08-13 22:39:48.441 - RealTimeSTT: realtimestt - INFO - Initializing WebRTC voice with Sensitivity 3
2025-08-13 22:39:48.441 - RealTimeSTT: realtimestt - INFO - Initializing WebRTC voice with Sensitivity 3
2025-08-13 22:39:48.441 - RealTimeSTT: realtimestt - DEBUG - WebRTC VAD voice activity detection engine initialized successfully
2025-08-13 22:39:48.441 - RealTimeSTT: realtimestt - DEBUG - WebRTC VAD voice activity detection engine initialized successfully
2025-08-13 22:39:48.524 - RealTimeSTT: realtimestt - DEBUG - _audio_data_worker writing audio data into queue.
2025-08-13 22:39:48.524 - RealTimeSTT: realtimestt - DEBUG - _audio_data_worker writing audio data into queue.
2025-08-13 22:39:49.194 - RealTimeSTT: realtimestt - DEBUG - Silero VAD voice activity detection engine initialized successfully
2025-08-13 22:39:49.194 - RealTimeSTT: realtimestt - DEBUG - Silero VAD voice activity detection engine initialized successfully
2025-08-13 22:39:49.195 - RealTimeSTT: realtimestt - DEBUG - Starting realtime worker
2025-08-13 22:39:49.195 - RealTimeSTT: realtimestt - DEBUG - Starting realtime worker
2025-08-13 22:39:49.195 - RealTimeSTT: realtimestt - DEBUG - Waiting for main transcription model to start
2025-08-13 22:39:49.195 - RealTimeSTT: realtimestt - DEBUG - Waiting for main transcription model to start
2025-08-13 22:39:49.195 - RealTimeSTT: realtimestt - DEBUG - Main transcription model ready
2025-08-13 22:39:49.195 - RealTimeSTT: realtimestt - DEBUG - Main transcription model ready
2025-08-13 22:39:49.196 - RealTimeSTT: realtimestt - DEBUG - RealtimeSTT initialization completed successfully
2025-08-13 22:39:49.196 - RealTimeSTT: realtimestt - DEBUG - RealtimeSTT initialization completed successfully
2025-08-13 22:39:49.196 - RealTimeSTT: realtimestt - INFO - Setting listen time
2025-08-13 22:39:49.196 - RealTimeSTT: realtimestt - INFO - Setting listen time
2025-08-13 22:39:49.196 - RealTimeSTT: realtimestt - INFO - State changed from 'inactive' to 'listening'
2025-08-13 22:39:49.196 - RealTimeSTT: realtimestt - INFO - State changed from 'inactive' to 'listening'
2025-08-13 22:39:49.196 - RealTimeSTT: realtimestt - DEBUG - Waiting for recording start
2025-08-13 22:39:49.196 - RealTimeSTT: realtimestt - DEBUG - Waiting for recording start
2025-08-13 22:39:49.528 - RealTimeSTT: realtimestt - DEBUG - _audio_data_worker writing audio data into queue.
2025-08-13 22:39:49.528 - RealTimeSTT: realtimestt - DEBUG - _audio_data_worker writing audio data into queue.
2025-08-13 22:39:50.439 - RealTimeSTT: realtimestt - INFO - voice activity detected
2025-08-13 22:39:50.439 - RealTimeSTT: realtimestt - INFO - voice activity detected
2025-08-13 22:39:50.439 - RealTimeSTT: realtimestt - INFO - recording started
2025-08-13 22:39:50.439 - RealTimeSTT: realtimestt - INFO - recording started
2025-08-13 22:39:50.439 - RealTimeSTT: realtimestt - INFO - State changed from 'listening' to 'recording'
2025-08-13 22:39:50.439 - RealTimeSTT: realtimestt - INFO - State changed from 'listening' to 'recording'
2025-08-13 22:39:50.440 - RealTimeSTT: realtimestt - DEBUG - Waiting for recording stop
2025-08-13 22:39:50.440 - RealTimeSTT: realtimestt - DEBUG - Waiting for recording stop
2025-08-13 22:39:50.444 - RealTimeSTT: realtimestt - DEBUG - Current realtime buffer size: 16896
2025-08-13 22:39:50.444 - RealTimeSTT: realtimestt - DEBUG - Current realtime buffer size: 16896
2025-08-13 22:39:50.534 - RealTimeSTT: realtimestt - DEBUG - _audio_data_worker writing audio data into queue.
2025-08-13 22:39:50.534 - RealTimeSTT: realtimestt - DEBUG - _audio_data_worker writing audio data into queue.
2025-08-13 22:39:50.978 - RealTimeSTT: realtimestt - DEBUG - Realtime text detected:  This is...
2025-08-13 22:39:50.978 - RealTimeSTT: realtimestt - DEBUG - Realtime text detected:  This is...
2025-08-13 22:39:50.978 - RealTimeSTT: realtimestt - DEBUG - Current realtime buffer size: 25088
2025-08-13 22:39:50.978 - RealTimeSTT: realtimestt - DEBUG - Current realtime buffer size: 25088
2025-08-13 22:39:51.586 - RealTimeSTT: realtimestt - DEBUG - Realtime text detected:  This is real.
2025-08-13 22:39:51.586 - RealTimeSTT: realtimestt - DEBUG - Realtime text detected:  This is real.
2025-08-13 22:39:51.586 - RealTimeSTT: realtimestt - DEBUG - Current realtime buffer size: 34304
2025-08-13 22:39:51.586 - RealTimeSTT: realtimestt - DEBUG - Current realtime buffer size: 34304
2025-08-13 22:39:51.622 - RealTimeSTT: realtimestt - DEBUG - _audio_data_worker writing audio data into queue.
2025-08-13 22:39:51.622 - RealTimeSTT: realtimestt - DEBUG - _audio_data_worker writing audio data into queue.
2025-08-13 22:39:52.233 - RealTimeSTT: realtimestt - DEBUG - Realtime text detected:  This is real time test.
2025-08-13 22:39:52.233 - RealTimeSTT: realtimestt - DEBUG - Realtime text detected:  This is real time test.
2025-08-13 22:39:52.710 - RealTimeSTT: realtimestt - DEBUG - _audio_data_worker writing audio data into queue.
2025-08-13 22:39:52.710 - RealTimeSTT: realtimestt - DEBUG - _audio_data_worker writing audio data into queue.
2025-08-13 22:39:52.711 - RealTimeSTT: realtimestt - INFO - recording stopped
2025-08-13 22:39:52.711 - RealTimeSTT: realtimestt - INFO - recording stopped
2025-08-13 22:39:52.713 - RealTimeSTT: realtimestt - DEBUG - Finishing recording thread
2025-08-13 22:39:52.713 - RealTimeSTT: realtimestt - DEBUG - Finishing recording thread
2025-08-13 22:39:52.714 - RealTimeSTT: realtimestt - DEBUG - No samples removed, final audio length: 53248
2025-08-13 22:39:52.714 - RealTimeSTT: realtimestt - DEBUG - No samples removed, final audio length: 53248
2025-08-13 22:39:52.715 - RealTimeSTT: realtimestt - INFO - State changed from 'recording' to 'inactive'
2025-08-13 22:39:52.715 - RealTimeSTT: realtimestt - INFO - State changed from 'recording' to 'inactive'
2025-08-13 22:41:37.083 - RealTimeSTT: realtimestt - INFO - Starting RealTimeSTT
2025-08-13 22:41:37.087 - RealTimeSTT: realtimestt - INFO - Initializing audio recording (creating pyAudio input stream, sample rate: 16000 buffer size: 512
2025-08-13 22:41:37.088 - RealTimeSTT: realtimestt - DEBUG - Starting audio data worker with target_sample_rate=16000, buffer_size=512, input_device_index=None
2025-08-13 22:41:37.088 - RealTimeSTT: realtimestt - INFO - Initializing faster_whisper realtime transcription model tiny, default device: cpu, compute type: default, device index: 0, download root: None
2025-08-13 22:41:37.088 - RealTimeSTT: realtimestt - DEBUG - Creating PyAudio interface...
2025-08-13 22:41:37.133 - RealTimeSTT: realtimestt - DEBUG - No device index supplied; using default device 12
2025-08-13 22:41:37.133 - RealTimeSTT: realtimestt - DEBUG - Retrieving highest sample rate for device index 12: {'index': 12, 'structVersion': 2, 'name': 'default', 'hostApi': 0, 'maxInputChannels': 32, 'maxOutputChannels': 32, 'defaultLowInputLatency': 0.008684807256235827, 'defaultLowOutputLatency': 0.008684807256235827, 'defaultHighInputLatency': 0.034807256235827665, 'defaultHighOutputLatency': 0.034807256235827665, 'defaultSampleRate': 44100.0}
2025-08-13 22:41:37.133 - RealTimeSTT: realtimestt - DEBUG - Highest supported sample rate for device index 12 is 44100
2025-08-13 22:41:37.133 - RealTimeSTT: realtimestt - DEBUG - Sample rates to try for device 12: [16000, 44100]
2025-08-13 22:41:37.133 - RealTimeSTT: realtimestt - DEBUG - Attempting to initialize audio stream at 16000 Hz.
2025-08-13 22:41:37.133 - RealTimeSTT: realtimestt - DEBUG - Found 13 total audio devices on the system.
2025-08-13 22:41:37.133 - RealTimeSTT: realtimestt - DEBUG - Available input devices with input channels: [0, 5, 7, 8, 9, 10, 11, 12]
2025-08-13 22:41:37.133 - RealTimeSTT: realtimestt - DEBUG - Validating device index 12 with info: {'index': 12, 'structVersion': 2, 'name': 'default', 'hostApi': 0, 'maxInputChannels': 32, 'maxOutputChannels': 32, 'defaultLowInputLatency': 0.008684807256235827, 'defaultLowOutputLatency': 0.008684807256235827, 'defaultHighInputLatency': 0.034807256235827665, 'defaultHighOutputLatency': 0.034807256235827665, 'defaultSampleRate': 44100.0}
2025-08-13 22:41:37.210 - RealTimeSTT: realtimestt - DEBUG - Device index 12 successfully validated.
2025-08-13 22:41:37.210 - RealTimeSTT: realtimestt - DEBUG - Opening stream with device index 12, sample_rate=16000, chunk_size=1024
2025-08-13 22:41:37.212 - RealTimeSTT: realtimestt - INFO - Microphone connected and validated (device index: 12, sample rate: 16000, chunk size: 1024)
2025-08-13 22:41:37.212 - RealTimeSTT: realtimestt - DEBUG - Audio recording initialized successfully at 16000 Hz, reading 1024 frames at a time
2025-08-13 22:41:38.343 - RealTimeSTT: realtimestt - DEBUG - _audio_data_worker writing audio data into queue.
2025-08-13 22:41:39.387 - RealTimeSTT: realtimestt - DEBUG - _audio_data_worker writing audio data into queue.
2025-08-13 22:41:39.549 - RealTimeSTT: realtimestt - DEBUG - Faster_whisper realtime speech to text transcription model initialized successfully
2025-08-13 22:41:39.549 - RealTimeSTT: realtimestt - INFO - Initializing WebRTC voice with Sensitivity 3
2025-08-13 22:41:39.549 - RealTimeSTT: realtimestt - DEBUG - WebRTC VAD voice activity detection engine initialized successfully
2025-08-13 22:41:40.388 - RealTimeSTT: realtimestt - DEBUG - _audio_data_worker writing audio data into queue.
2025-08-13 22:41:40.460 - RealTimeSTT: realtimestt - DEBUG - Silero VAD voice activity detection engine initialized successfully
2025-08-13 22:41:40.460 - RealTimeSTT: realtimestt - DEBUG - Starting realtime worker
2025-08-13 22:41:40.461 - RealTimeSTT: realtimestt - DEBUG - Waiting for main transcription model to start
2025-08-13 22:41:40.461 - RealTimeSTT: realtimestt - DEBUG - Main transcription model ready
2025-08-13 22:41:40.461 - RealTimeSTT: realtimestt - DEBUG - RealtimeSTT initialization completed successfully
2025-08-13 22:41:40.462 - RealTimeSTT: realtimestt - INFO - recording started
2025-08-13 22:41:40.462 - RealTimeSTT: realtimestt - INFO - State changed from 'inactive' to 'recording'
2025-08-13 22:41:40.462 - RealTimeSTT: realtimestt - INFO - State changed from 'recording' to 'inactive'
2025-08-13 22:41:40.662 - RealTimeSTT: realtimestt - DEBUG - Current realtime buffer size: 39936
2025-08-13 22:41:41.389 - RealTimeSTT: realtimestt - DEBUG - _audio_data_worker writing audio data into queue.
2025-08-13 22:41:41.696 - RealTimeSTT: realtimestt - DEBUG - Realtime text detected:  Uh-huh.
2025-08-13 22:41:41.696 - RealTimeSTT: realtimestt - DEBUG - Current realtime buffer size: 56320
2025-08-13 22:41:42.478 - RealTimeSTT: realtimestt - DEBUG - _audio_data_worker writing audio data into queue.
2025-08-13 22:41:42.502 - RealTimeSTT: realtimestt - DEBUG - Realtime text detected:  Uh-huh.
2025-08-13 22:41:42.502 - RealTimeSTT: realtimestt - DEBUG - Current realtime buffer size: 69632
2025-08-13 22:41:43.313 - RealTimeSTT: realtimestt - DEBUG - Realtime text detected:  Hello.
2025-08-13 22:41:43.313 - RealTimeSTT: realtimestt - DEBUG - Current realtime buffer size: 82944
2025-08-13 22:41:43.568 - RealTimeSTT: realtimestt - DEBUG - _audio_data_worker writing audio data into queue.
2025-08-13 22:41:44.074 - RealTimeSTT: realtimestt - DEBUG - Realtime text detected:  Hello.
2025-08-13 22:41:44.074 - RealTimeSTT: realtimestt - DEBUG - Current realtime buffer size: 94208
2025-08-13 22:41:44.658 - RealTimeSTT: realtimestt - DEBUG - _audio_data_worker writing audio data into queue.
2025-08-13 22:41:44.850 - RealTimeSTT: realtimestt - DEBUG - Realtime text detected:  Hello.
2025-08-13 22:41:44.850 - RealTimeSTT: realtimestt - DEBUG - Current realtime buffer size: 107520
2025-08-13 22:41:45.747 - RealTimeSTT: realtimestt - DEBUG - _audio_data_worker writing audio data into queue.
2025-08-13 22:41:45.957 - RealTimeSTT: realtimestt - DEBUG - Realtime text detected:  Hello.
2025-08-13 22:41:45.957 - RealTimeSTT: realtimestt - DEBUG - Current realtime buffer size: 124928
2025-08-13 22:41:46.749 - RealTimeSTT: realtimestt - DEBUG - _audio_data_worker writing audio data into queue.
2025-08-13 22:41:47.032 - RealTimeSTT: realtimestt - DEBUG - Realtime text detected:  Hello Hello
2025-08-13 22:41:47.033 - RealTimeSTT: realtimestt - DEBUG - Current realtime buffer size: 142336
2025-08-13 22:41:47.840 - RealTimeSTT: realtimestt - DEBUG - _audio_data_worker writing audio data into queue.
2025-08-13 22:41:48.178 - RealTimeSTT: realtimestt - DEBUG - Realtime text detected:  Halo, apa yang kita buat?
2025-08-13 22:41:48.178 - RealTimeSTT: realtimestt - DEBUG - Current realtime buffer size: 159744
2025-08-13 22:41:48.840 - RealTimeSTT: realtimestt - DEBUG - _audio_data_worker writing audio data into queue.
2025-08-13 22:41:49.371 - RealTimeSTT: realtimestt - DEBUG - Realtime text detected:  Hello. Hello. What are you doing?
2025-08-13 22:41:49.371 - RealTimeSTT: realtimestt - DEBUG - Current realtime buffer size: 178176
2025-08-13 22:41:49.930 - RealTimeSTT: realtimestt - DEBUG - _audio_data_worker writing audio data into queue.
2025-08-13 22:41:50.277 - RealTimeSTT: realtimestt - DEBUG - Realtime text detected:  Hello. Hello. What are you doing?
2025-08-13 22:41:50.277 - RealTimeSTT: realtimestt - DEBUG - Current realtime buffer size: 194560
2025-08-13 22:41:50.998 - RealTimeSTT: realtimestt - DEBUG - _audio_data_worker writing audio data into queue.
2025-08-13 22:41:51.160 - RealTimeSTT: realtimestt - DEBUG - Realtime text detected:  Hello. Hello. What are you doing?
2025-08-13 22:41:51.160 - RealTimeSTT: realtimestt - DEBUG - Current realtime buffer size: 206848
2025-08-13 22:41:52.088 - RealTimeSTT: realtimestt - DEBUG - _audio_data_worker writing audio data into queue.
2025-08-13 22:41:52.179 - RealTimeSTT: realtimestt - DEBUG - Realtime text detected:  Hello. Hello. What are you doing?
2025-08-13 22:41:52.179 - RealTimeSTT: realtimestt - DEBUG - Current realtime buffer size: 224256
2025-08-13 22:41:53.067 - RealTimeSTT: realtimestt - DEBUG - Realtime text detected:  Hello. Hello. What are you doing?
2025-08-13 22:41:53.067 - RealTimeSTT: realtimestt - DEBUG - Current realtime buffer size: 237568
2025-08-13 22:41:53.182 - RealTimeSTT: realtimestt - DEBUG - _audio_data_worker writing audio data into queue.
2025-08-13 22:41:53.979 - RealTimeSTT: realtimestt - DEBUG - Realtime text detected:  hello hello what are you doing oh you're so good man
2025-08-13 22:41:53.979 - RealTimeSTT: realtimestt - DEBUG - Current realtime buffer size: 251904
2025-08-13 22:41:54.269 - RealTimeSTT: realtimestt - DEBUG - _audio_data_worker writing audio data into queue.
2025-08-13 22:41:54.857 - RealTimeSTT: realtimestt - DEBUG - Realtime text detected:  hello hello what are you doing oh you're so good man
2025-08-13 22:41:54.857 - RealTimeSTT: realtimestt - DEBUG - Current realtime buffer size: 267264
2025-08-13 22:41:55.271 - RealTimeSTT: realtimestt - DEBUG - _audio_data_worker writing audio data into queue.
2025-08-13 22:41:56.035 - RealTimeSTT: realtimestt - DEBUG - Realtime text detected:  hello hello what are you doing oh you're so good man
2025-08-13 22:41:56.035 - RealTimeSTT: realtimestt - DEBUG - Current realtime buffer size: 285696
2025-08-13 22:41:56.361 - RealTimeSTT: realtimestt - DEBUG - _audio_data_worker writing audio data into queue.
2025-08-13 22:41:57.237 - RealTimeSTT: realtimestt - DEBUG - Realtime text detected:  hello hello what are you doing oh you're so good man
2025-08-13 22:41:57.237 - RealTimeSTT: realtimestt - DEBUG - Current realtime buffer size: 304128
2025-08-13 22:41:57.364 - RealTimeSTT: realtimestt - DEBUG - _audio_data_worker writing audio data into queue.
2025-08-13 22:41:58.379 - RealTimeSTT: realtimestt - DEBUG - Realtime text detected:  hello hello what are you doing oh you're so good man
2025-08-13 22:41:58.379 - RealTimeSTT: realtimestt - DEBUG - Current realtime buffer size: 323584
2025-08-13 22:41:58.451 - RealTimeSTT: realtimestt - DEBUG - _audio_data_worker writing audio data into queue.
2025-08-13 22:41:59.488 - RealTimeSTT: realtimestt - DEBUG - Realtime text detected:  Hello! Hello! What are you doing? Oh, you're so good, man! So, can you...
2025-08-13 22:41:59.489 - RealTimeSTT: realtimestt - DEBUG - Current realtime buffer size: 340992
2025-08-13 22:41:59.541 - RealTimeSTT: realtimestt - DEBUG - _audio_data_worker writing audio data into queue.
2025-08-13 22:42:00.552 - RealTimeSTT: realtimestt - DEBUG - Realtime text detected:  hello hello what are you doing oh you're so good man so can you add this in a question
2025-08-13 22:42:00.552 - RealTimeSTT: realtimestt - DEBUG - Current realtime buffer size: 358400
2025-08-13 22:42:00.631 - RealTimeSTT: realtimestt - DEBUG - _audio_data_worker writing audio data into queue.
2025-08-13 22:42:01.633 - RealTimeSTT: realtimestt - DEBUG - _audio_data_worker writing audio data into queue.
2025-08-13 22:42:01.713 - RealTimeSTT: realtimestt - DEBUG - Realtime text detected:  Hello Hello, what are you doing? Oh, you're so good man So can you add this in a question mark with
2025-08-13 22:42:01.714 - RealTimeSTT: realtimestt - DEBUG - Current realtime buffer size: 375808
2025-08-13 22:42:02.723 - RealTimeSTT: realtimestt - DEBUG - _audio_data_worker writing audio data into queue.
2025-08-13 22:42:02.873 - RealTimeSTT: realtimestt - DEBUG - Realtime text detected:  hello hello what are you doing oh you're so good man so can you hide this in a question mark where I just want to know
2025-08-13 22:42:02.874 - RealTimeSTT: realtimestt - DEBUG - Current realtime buffer size: 395264
2025-08-13 22:42:03.812 - RealTimeSTT: realtimestt - DEBUG - _audio_data_worker writing audio data into queue.
2025-08-13 22:42:04.081 - RealTimeSTT: realtimestt - DEBUG - Realtime text detected:  hello hello what are you doing oh you're so good man so can you hide this in a question mark where I just want to know
2025-08-13 22:42:04.082 - RealTimeSTT: realtimestt - DEBUG - Current realtime buffer size: 413696
2025-08-13 22:42:04.901 - RealTimeSTT: realtimestt - DEBUG - _audio_data_worker writing audio data into queue.
2025-08-13 22:42:05.274 - RealTimeSTT: realtimestt - DEBUG - Realtime text detected:  hello hello what are you doing oh you're so good man so can you hide this in a question mark where I just want to know
2025-08-13 22:42:05.274 - RealTimeSTT: realtimestt - DEBUG - Current realtime buffer size: 434176
2025-08-13 22:42:05.902 - RealTimeSTT: realtimestt - DEBUG - _audio_data_worker writing audio data into queue.
2025-08-13 22:42:06.468 - RealTimeSTT: realtimestt - DEBUG - Realtime text detected:  hello hello what are you doing oh you're so good man so can you add this in a question mark
2025-08-13 22:42:06.468 - RealTimeSTT: realtimestt - DEBUG - Current realtime buffer size: 452608
2025-08-13 22:42:06.992 - RealTimeSTT: realtimestt - DEBUG - _audio_data_worker writing audio data into queue.
2025-08-13 22:42:07.680 - RealTimeSTT: realtimestt - DEBUG - Realtime text detected:  hello hello what are you doing oh you're so good man so can you add this in a question mark
2025-08-13 22:42:07.681 - RealTimeSTT: realtimestt - DEBUG - Current realtime buffer size: 472064
2025-08-13 22:42:08.081 - RealTimeSTT: realtimestt - DEBUG - _audio_data_worker writing audio data into queue.
2025-08-13 22:42:08.809 - RealTimeSTT: realtimestt - DEBUG - Realtime text detected:  hello hello what are you doing oh you're so good man so can you add this in a question mark
2025-08-13 22:42:08.810 - RealTimeSTT: realtimestt - DEBUG - Current realtime buffer size: 490496
2025-08-13 22:42:09.171 - RealTimeSTT: realtimestt - DEBUG - _audio_data_worker writing audio data into queue.
2025-08-13 22:42:10.084 - RealTimeSTT: realtimestt - DEBUG - Realtime text detected:  hello hello what are you doing oh you're so good man so can you add this in a question mark
2025-08-13 22:42:10.085 - RealTimeSTT: realtimestt - DEBUG - Current realtime buffer size: 510976
2025-08-13 22:42:10.262 - RealTimeSTT: realtimestt - DEBUG - _audio_data_worker writing audio data into queue.
2025-08-13 22:42:11.349 - RealTimeSTT: realtimestt - DEBUG - _audio_data_worker writing audio data into queue.
2025-08-13 22:42:11.828 - RealTimeSTT: realtimestt - DEBUG - Realtime text detected:  hello hello what are you doing oh you're so good man so can you add this in a question mark  What is this?
2025-08-13 22:42:11.828 - RealTimeSTT: realtimestt - DEBUG - Current realtime buffer size: 538624
2025-08-13 22:42:12.439 - RealTimeSTT: realtimestt - DEBUG - _audio_data_worker writing audio data into queue.
2025-08-13 22:42:13.530 - RealTimeSTT: realtimestt - DEBUG - _audio_data_worker writing audio data into queue.
2025-08-13 22:42:13.677 - RealTimeSTT: realtimestt - DEBUG - Realtime text detected:  hello hello what are you doing oh you're so good man so can you add this in a question mark  What is this? It is an English word.
2025-08-13 22:42:13.677 - RealTimeSTT: realtimestt - DEBUG - Current realtime buffer size: 567296
2025-08-13 22:42:14.598 - RealTimeSTT: realtimestt - DEBUG - _audio_data_worker writing audio data into queue.
2025-08-13 22:42:15.498 - RealTimeSTT: realtimestt - DEBUG - Realtime text detected:  hello hello what are you doing oh you're so good man so can you add this in a question mark  What is this? It is an English word.
2025-08-13 22:42:15.498 - RealTimeSTT: realtimestt - DEBUG - Current realtime buffer size: 595968
2025-08-13 22:42:15.689 - RealTimeSTT: realtimestt - DEBUG - _audio_data_worker writing audio data into queue.
2025-08-13 22:42:16.780 - RealTimeSTT: realtimestt - DEBUG - _audio_data_worker writing audio data into queue.
2025-08-13 22:42:17.389 - RealTimeSTT: realtimestt - DEBUG - Realtime text detected:  hello hello what are you doing oh you're so good man so can you add this in a question mark  What is this? It's an English word. It's Hindi.
2025-08-13 22:42:17.389 - RealTimeSTT: realtimestt - DEBUG - Current realtime buffer size: 626688
2025-08-13 22:42:17.870 - RealTimeSTT: realtimestt - DEBUG - _audio_data_worker writing audio data into queue.
2025-08-13 22:42:18.960 - RealTimeSTT: realtimestt - DEBUG - _audio_data_worker writing audio data into queue.
2025-08-13 22:42:19.299 - RealTimeSTT: realtimestt - DEBUG - Realtime text detected:  hello hello what are you doing oh you're so good man so can you add this in a question mark  What is this? It's an English head. It's Hindi, Kabula.
2025-08-13 22:42:19.300 - RealTimeSTT: realtimestt - DEBUG - Current realtime buffer size: 657408
2025-08-13 22:42:20.051 - RealTimeSTT: realtimestt - DEBUG - _audio_data_worker writing audio data into queue.
2025-08-13 22:42:20.958 - RealTimeSTT: realtimestt - DEBUG - Realtime text detected:  hello hello what are you doing oh you're so good man so can you add this in a question mark  What is this? It's an English head. It's Hindi, Kabula.
2025-08-13 22:42:20.959 - RealTimeSTT: realtimestt - DEBUG - Current realtime buffer size: 684032
2025-08-13 22:42:21.142 - RealTimeSTT: realtimestt - DEBUG - _audio_data_worker writing audio data into queue.
2025-08-13 22:42:22.231 - RealTimeSTT: realtimestt - DEBUG - _audio_data_worker writing audio data into queue.
2025-08-13 22:42:23.049 - RealTimeSTT: realtimestt - DEBUG - Realtime text detected:  hello hello what are you doing oh you're so good man so can you add this in a question mark  What is this? It's an English head. It's Hindi, Kabula.
2025-08-13 22:42:23.049 - RealTimeSTT: realtimestt - DEBUG - Current realtime buffer size: 716800
2025-08-13 22:42:23.322 - RealTimeSTT: realtimestt - DEBUG - _audio_data_worker writing audio data into queue.
2025-08-13 22:42:24.322 - RealTimeSTT: realtimestt - DEBUG - _audio_data_worker writing audio data into queue.
2025-08-13 22:42:24.722 - RealTimeSTT: realtimestt - DEBUG - Realtime text detected:  hello hello what are you doing oh you're so good man so can you add this in a question mark  What is this? It's an English head. It's Hindi, Kabul uh Hello hello.
2025-08-13 22:42:24.723 - RealTimeSTT: realtimestt - DEBUG - Current realtime buffer size: 744448
2025-08-13 22:42:25.322 - RealTimeSTT: realtimestt - DEBUG - _audio_data_worker writing audio data into queue.
2025-08-13 22:42:26.324 - RealTimeSTT: realtimestt - DEBUG - _audio_data_worker writing audio data into queue.
2025-08-13 22:42:26.532 - RealTimeSTT: realtimestt - INFO - recording stopped
2025-08-13 22:42:26.546 - RealTimeSTT: realtimestt - INFO - Setting listen time
2025-08-13 22:42:26.548 - RealTimeSTT: realtimestt - DEBUG - No samples removed, final audio length: 774144
2025-08-13 22:42:26.549 - RealTimeSTT: realtimestt - INFO - State changed from 'inactive' to 'transcribing'
2025-08-13 22:42:26.549 - RealTimeSTT: realtimestt - DEBUG - Adding transcription request, no early transcription started
2025-08-13 22:42:26.594 - RealTimeSTT: realtimestt - DEBUG - Receive from parent_transcription_pipe after sendiung transcription request, transcribe_count: 1
2025-08-13 22:42:26.640 - RealTimeSTT: realtimestt - DEBUG - Realtime text detected:  hello hello what are you doing oh you're so good man so can you add this in a question mark  What is this? It's an English head. It's Hindi, Kabul uh Hello hello.
2025-08-13 22:42:26.695 - RealTimeSTT: realtimestt - DEBUG - Receive from parent_transcription_pipe after sendiung transcription request, transcribe_count: 1
2025-08-13 22:42:26.795 - RealTimeSTT: realtimestt - DEBUG - Receive from parent_transcription_pipe after sendiung transcription request, transcribe_count: 1
2025-08-13 22:42:26.899 - RealTimeSTT: realtimestt - DEBUG - Receive from parent_transcription_pipe after sendiung transcription request, transcribe_count: 1
2025-08-13 22:42:26.999 - RealTimeSTT: realtimestt - DEBUG - Receive from parent_transcription_pipe after sendiung transcription request, transcribe_count: 1
2025-08-13 22:42:27.100 - RealTimeSTT: realtimestt - DEBUG - Receive from parent_transcription_pipe after sendiung transcription request, transcribe_count: 1
2025-08-13 22:42:27.200 - RealTimeSTT: realtimestt - DEBUG - Receive from parent_transcription_pipe after sendiung transcription request, transcribe_count: 1
2025-08-13 22:42:27.301 - RealTimeSTT: realtimestt - DEBUG - Receive from parent_transcription_pipe after sendiung transcription request, transcribe_count: 1
2025-08-13 22:42:27.402 - RealTimeSTT: realtimestt - DEBUG - Receive from parent_transcription_pipe after sendiung transcription request, transcribe_count: 1
2025-08-13 22:42:27.415 - RealTimeSTT: realtimestt - DEBUG - _audio_data_worker writing audio data into queue.
2025-08-13 22:42:27.502 - RealTimeSTT: realtimestt - DEBUG - Receive from parent_transcription_pipe after sendiung transcription request, transcribe_count: 1
2025-08-13 22:42:27.603 - RealTimeSTT: realtimestt - DEBUG - Receive from parent_transcription_pipe after sendiung transcription request, transcribe_count: 1
2025-08-13 22:42:27.703 - RealTimeSTT: realtimestt - DEBUG - Receive from parent_transcription_pipe after sendiung transcription request, transcribe_count: 1
2025-08-13 22:42:27.804 - RealTimeSTT: realtimestt - DEBUG - Receive from parent_transcription_pipe after sendiung transcription request, transcribe_count: 1
2025-08-13 22:42:27.904 - RealTimeSTT: realtimestt - DEBUG - Receive from parent_transcription_pipe after sendiung transcription request, transcribe_count: 1
2025-08-13 22:42:28.005 - RealTimeSTT: realtimestt - DEBUG - Receive from parent_transcription_pipe after sendiung transcription request, transcribe_count: 1
2025-08-13 22:42:28.105 - RealTimeSTT: realtimestt - DEBUG - Receive from parent_transcription_pipe after sendiung transcription request, transcribe_count: 1
2025-08-13 22:42:28.207 - RealTimeSTT: realtimestt - DEBUG - Receive from parent_transcription_pipe after sendiung transcription request, transcribe_count: 1
2025-08-13 22:42:28.311 - RealTimeSTT: realtimestt - DEBUG - Receive from parent_transcription_pipe after sendiung transcription request, transcribe_count: 1
2025-08-13 22:42:28.414 - RealTimeSTT: realtimestt - DEBUG - Receive from parent_transcription_pipe after sendiung transcription request, transcribe_count: 1
2025-08-13 22:42:28.506 - RealTimeSTT: realtimestt - DEBUG - _audio_data_worker writing audio data into queue.
2025-08-13 22:42:28.514 - RealTimeSTT: realtimestt - DEBUG - Receive from parent_transcription_pipe after sendiung transcription request, transcribe_count: 1
2025-08-13 22:42:28.616 - RealTimeSTT: realtimestt - DEBUG - Receive from parent_transcription_pipe after sendiung transcription request, transcribe_count: 1
2025-08-13 22:42:28.647 - RealTimeSTT: realtimestt - INFO - State changed from 'transcribing' to 'inactive'
2025-08-13 22:42:28.657 - RealTimeSTT: realtimestt - DEBUG - Model tiny completed transcription in 2.11 seconds
2025-08-13 22:42:28.662 - RealTimeSTT: realtimestt - DEBUG - Finishing recording thread
2025-08-13 22:42:28.665 - RealTimeSTT: realtimestt - DEBUG - Terminating reader process
2025-08-13 22:42:28.691 - RealTimeSTT: realtimestt - DEBUG - Terminating transcription process
2025-08-13 22:42:28.777 - RealTimeSTT: realtimestt - DEBUG - Finishing realtime thread
